Build started 08/07/2012 9:36:57 PM.
     1>Project "c:\Users\Kyle\documents\visual studio 2010\Projects\iso\iso\iso.vcxproj" on node 2 (build target(s)).
     1>InitializeBuildStatus:
         Creating "Debug\iso.unsuccessfulbuild" because "AlwaysCreate" was specified.
       ClCompile:
         c:\Program Files (x86)\Microsoft Visual Studio 10.0\VC\bin\CL.exe /c /I"C:\Users\Kyle\Documents\Visual Studio 2010\Libs\SFML-2.0\include" /ZI /nologo /W3 /WX- /Od /Oy- /D WIN32 /D _DEBUG /D _WINDOWS /D _UNICODE /D UNICODE /Gm /EHsc /RTC1 /MDd /GS /fp:precise /Zc:wchar_t /Zc:forScope /Fo"Debug\\" /Fd"Debug\vc100.pdb" /Gd /TP /analyze- /errorReport:prompt animation.cpp sprite.cpp
         sprite.cpp
         animation.cpp
     1>c:\users\kyle\documents\visual studio 2010\projects\iso\iso\animation.cpp(7): warning C4101: 'i' : unreferenced local variable
         Generating Code...
       ManifestResourceCompile:
         All outputs are up-to-date.
       Link:
         c:\Program Files (x86)\Microsoft Visual Studio 10.0\VC\bin\link.exe /ERRORREPORT:PROMPT /OUT:"c:\users\kyle\documents\visual studio 2010\Projects\iso\Debug\iso.exe" /INCREMENTAL /NOLOGO /LIBPATH:"C:\Users\Kyle\Documents\Visual Studio 2010\Libs\SFML-2.0\lib" "sfml-audio-d.lib" "sfml-graphics-d.lib" "sfml-main-d.lib" "sfml-network-d.lib" "sfml-system-d.lib" "sfml-window-d.lib" kernel32.lib user32.lib gdi32.lib winspool.lib comdlg32.lib advapi32.lib shell32.lib ole32.lib oleaut32.lib uuid.lib odbc32.lib odbccp32.lib /MANIFEST /ManifestFile:"Debug\iso.exe.intermediate.manifest" /MANIFESTUAC:"level='asInvoker' uiAccess='false'" /DEBUG /PDB:"c:\users\kyle\documents\visual studio 2010\Projects\iso\Debug\iso.pdb" /SUBSYSTEM:WINDOWS /TLBID:1 /DYNAMICBASE /NXCOMPAT /IMPLIB:"c:\users\kyle\documents\visual studio 2010\Projects\iso\Debug\iso.lib" /MACHINE:X86 Debug\iso.exe.embed.manifest.res
         Debug\animation.obj
         Debug\main.obj
         Debug\sprite.obj
         Debug\texture.obj
         Debug\textureDict.obj
     1>sfml-main-d.lib(SFML_Main.cpp.obj) : warning LNK4099: PDB 'sfml-main-d.pdb' was not found with 'sfml-main-d.lib(SFML_Main.cpp.obj)' or at 'c:\users\kyle\documents\visual studio 2010\Projects\iso\Debug\sfml-main-d.pdb'; linking object as if no debug info
       Manifest:
         C:\Program Files (x86)\Microsoft SDKs\Windows\v7.0A\bin\mt.exe /nologo /verbose /out:"Debug\iso.exe.embed.manifest" /manifest Debug\iso.exe.intermediate.manifest
         All outputs are up-to-date.
       LinkEmbedManifest:
         All outputs are up-to-date.
         iso.vcxproj -> c:\users\kyle\documents\visual studio 2010\Projects\iso\Debug\iso.exe
       FinalizeBuildStatus:
         Deleting file "Debug\iso.unsuccessfulbuild".
         Touching "Debug\iso.lastbuildstate".
     1>Done Building Project "c:\Users\Kyle\documents\visual studio 2010\Projects\iso\iso\iso.vcxproj" (build target(s)).

Build succeeded.

Time Elapsed 00:00:01.16
