C:\USERS\KYLE\DOCUMENTS\VISUAL STUDIO 2010\PROJECTS\ISO\DEBUG\ISO.EXE
C:\USERS\KYLE\DOCUMENTS\VISUAL STUDIO 2010\PROJECTS\ISO\DEBUG\ISO.ILK
C:\USERS\KYLE\DOCUMENTS\VISUAL STUDIO 2010\PROJECTS\ISO\DEBUG\ISO.PDB
c:\Users\Kyle\documents\visual studio 2010\Projects\iso\iso\Debug\cl.command.1.tlog
c:\Users\Kyle\documents\visual studio 2010\Projects\iso\iso\Debug\CL.read.1.tlog
c:\Users\Kyle\documents\visual studio 2010\Projects\iso\iso\Debug\CL.write.1.tlog
C:\USERS\KYLE\DOCUMENTS\VISUAL STUDIO 2010\PROJECTS\ISO\ISO\DEBUG\ISO.EXE.EMBED.MANIFEST
C:\USERS\KYLE\DOCUMENTS\VISUAL STUDIO 2010\PROJECTS\ISO\ISO\DEBUG\ISO.EXE.EMBED.MANIFEST.RES
C:\USERS\KYLE\DOCUMENTS\VISUAL STUDIO 2010\PROJECTS\ISO\ISO\DEBUG\ISO.EXE.INTERMEDIATE.MANIFEST
c:\Users\Kyle\documents\visual studio 2010\Projects\iso\iso\Debug\iso_manifest.rc
c:\Users\Kyle\documents\visual studio 2010\Projects\iso\iso\Debug\link.8556.read.1.tlog
c:\Users\Kyle\documents\visual studio 2010\Projects\iso\iso\Debug\link.8556.read.2.tlog
c:\Users\Kyle\documents\visual studio 2010\Projects\iso\iso\Debug\link.8556.write.1.tlog
c:\Users\Kyle\documents\visual studio 2010\Projects\iso\iso\Debug\link.8556-cvtres.read.1.tlog
c:\Users\Kyle\documents\visual studio 2010\Projects\iso\iso\Debug\link.8556-cvtres.write.1.tlog
c:\Users\Kyle\documents\visual studio 2010\Projects\iso\iso\Debug\link.command.1.tlog
c:\Users\Kyle\documents\visual studio 2010\Projects\iso\iso\Debug\link.read.1.tlog
c:\Users\Kyle\documents\visual studio 2010\Projects\iso\iso\Debug\link.read.2.tlog
c:\Users\Kyle\documents\visual studio 2010\Projects\iso\iso\Debug\link.write.1.tlog
c:\Users\Kyle\documents\visual studio 2010\Projects\iso\iso\Debug\link-cvtres.read.1.tlog
c:\Users\Kyle\documents\visual studio 2010\Projects\iso\iso\Debug\link-cvtres.write.1.tlog
C:\USERS\KYLE\DOCUMENTS\VISUAL STUDIO 2010\PROJECTS\ISO\ISO\DEBUG\MAIN.OBJ
c:\Users\Kyle\documents\visual studio 2010\Projects\iso\iso\Debug\mt.command.1.tlog
c:\Users\Kyle\documents\visual studio 2010\Projects\iso\iso\Debug\mt.read.1.tlog
c:\Users\Kyle\documents\visual studio 2010\Projects\iso\iso\Debug\mt.write.1.tlog
c:\Users\Kyle\documents\visual studio 2010\Projects\iso\iso\Debug\rc.command.1.tlog
c:\Users\Kyle\documents\visual studio 2010\Projects\iso\iso\Debug\rc.read.1.tlog
c:\Users\Kyle\documents\visual studio 2010\Projects\iso\iso\Debug\rc.write.1.tlog
c:\Users\Kyle\documents\visual studio 2010\Projects\iso\iso\Debug\vc100.idb
C:\USERS\KYLE\DOCUMENTS\VISUAL STUDIO 2010\PROJECTS\ISO\ISO\DEBUG\VC100.PDB
